<?xml version="1.0" encoding="UTF-8"?>
<!-- Generated by org.testng.reporters.JUnitReportReporter -->
<testsuite skipped="0" hostname="LAPTOP-E1GESAJV" name="classicSelenium.Register_demoshopWithDatadriven" tests="4" failures="0" timestamp="10 Jun 2022 08:12:13 GMT" time="38.625" errors="0">
  <testcase name="TestCase" time="9.851" classname="classicSelenium.Register_demoshopWithDatadriven"/>
  <testcase name="TestCase" time="10.009" classname="classicSelenium.Register_demoshopWithDatadriven"/>
  <testcase name="TestCase" time="9.334" classname="classicSelenium.Register_demoshopWithDatadriven"/>
  <testcase name="TestCase" time="9.431" classname="classicSelenium.Register_demoshopWithDatadriven"/>
</testsuite> <!-- classicSelenium.Register_demoshopWithDatadriven -->
