<?xml version="1.0" encoding="UTF-8"?>
<!-- Generated by org.testng.reporters.JUnitReportReporter -->
<testsuite skipped="1" hostname="LAPTOP-E1GESAJV" name="classicSelenium.WorkingWithTestcase" tests="1" failures="0" timestamp="11 Jun 2022 07:32:52 GMT" time="0.000" errors="0">
  <testcase name="LoginTestcase" time="0.000" classname="classicSelenium.WorkingWithTestcase">
    <skipped/>
  </testcase> <!-- LoginTestcase -->
</testsuite> <!-- classicSelenium.WorkingWithTestcase -->
