<?xml version="1.0" encoding="UTF-8"?>
<!-- Generated by org.testng.reporters.JUnitReportReporter -->
<testsuite skipped="0" hostname="LAPTOP-E1GESAJV" name="AdvanceSelenium.praticeClass" tests="2" failures="0" timestamp="14 Jun 2022 09:20:52 GMT" time="0.003" errors="0">
  <testcase name="food" time="0.003" classname="AdvanceSelenium.praticeClass"/>
  <testcase name="bike" time="0.000" classname="AdvanceSelenium.praticeClass"/>
</testsuite> <!-- AdvanceSelenium.praticeClass -->
