<?xml version="1.0" encoding="UTF-8"?>
<!-- Generated by org.testng.reporters.JUnitReportReporter -->
<testsuite skipped="0" hostname="LAPTOP-E1GESAJV" name="classicSelenium.WorkingwithDataProvider" tests="3" failures="0" timestamp="09 Jun 2022 07:22:01 GMT" time="0.007" errors="0">
  <testcase name="login" time="0.007" classname="classicSelenium.WorkingwithDataProvider"/>
  <testcase name="login" time="0.000" classname="classicSelenium.WorkingwithDataProvider"/>
  <testcase name="login" time="0.000" classname="classicSelenium.WorkingwithDataProvider"/>
</testsuite> <!-- classicSelenium.WorkingwithDataProvider -->
